<?xml version="1.0" encoding="UTF-8" ?>
<testsuite tests="23" failures="0" name="api.TestRunner" time="14.328" errors="0" skipped="0">
  <properties>
[...]
</properties>
  <testcase classname="[getproduct] As a WebAPI user, when requesting /products/{id}, I should be able to receive the information of the product matching the passed id." name="[1.1:17] Requesting /products/{id} with an invalid product id should return a 400 bad response with the explanation of the error." time="2.303"/>
  <testcase classname="[getproduct] As a WebAPI user, when requesting /products/{id}, I should be able to receive the information of the product matching the passed id." name="[1.2:18] Requesting /products/{id} with an invalid product id should return a 400 bad response with the explanation of the error." time="0.485"/>
  <testcase classname="[getproduct] As a WebAPI user, when requesting /products/{id}, I should be able to receive the information of the product matching the passed id." name="[1.3:19] Requesting /products/{id} with an invalid product id should return a 400 bad response with the explanation of the error." time="0.39"/>
  <testcase classname="[getproduct] As a WebAPI user, when requesting /products/{id}, I should be able to receive the information of the product matching the passed id." name="[1.4:20] Requesting /products/{id} with an invalid product id should return a 400 bad response with the explanation of the error." time="0.428"/>
  <testcase classname="[getproduct] As a WebAPI user, when requesting /products/{id}, I should be able to receive the information of the product matching the passed id." name="[2:22] Requesting /products/{id} with an non existing product id should return a 404 not found." time="0.813"/>
  <testcase classname="[getproduct] As a WebAPI user, when requesting /products/{id}, I should be able to receive the information of the product matching the passed id." name="[3.1:40] Requesting /products/{id} with an existing product id should return a successful response with the product information." time="0.887"/>
  <testcase classname="[getproduct] As a WebAPI user, when requesting /products/{id}, I should be able to receive the information of the product matching the passed id." name="[3.2:41] Requesting /products/{id} with an existing product id should return a successful response with the product information." time="0.779"/>
  <testcase classname="[createproduct] As a WebAPI user, I should be able to create a product making a POST or PUT request to /products" name="[1.1:15] Making a POST or PUT request to /products with valid data should successfully create a product" time="0.946"/>
  <testcase classname="[createproduct] As a WebAPI user, I should be able to create a product making a POST or PUT request to /products" name="[1.2:16] Making a POST or PUT request to /products with valid data should successfully create a product" time="0.787"/>
  <testcase classname="[createproduct] As a WebAPI user, I should be able to create a product making a POST or PUT request to /products" name="[2.1:27] Making a POST or PUT request to /products with an existing id should return a 409 response" time="0.977"/>
  <testcase classname="[createproduct] As a WebAPI user, I should be able to create a product making a POST or PUT request to /products" name="[2.2:28] Making a POST or PUT request to /products with an existing id should return a 409 response" time="0.827"/>
  <testcase classname="[createproduct] As a WebAPI user, I should be able to create a product making a POST or PUT request to /products" name="[3.1:38] Making a POST or PUT request to /products with an invalid name should return a 400 response" time="0.402"/>
  <testcase classname="[createproduct] As a WebAPI user, I should be able to create a product making a POST or PUT request to /products" name="[3.2:39] Making a POST or PUT request to /products with an invalid name should return a 400 response" time="0.41"/>
  <testcase classname="[createproduct] As a WebAPI user, I should be able to create a product making a POST or PUT request to /products" name="[3.3:40] Making a POST or PUT request to /products with an invalid name should return a 400 response" time="0.432"/>
  <testcase classname="[createproduct] As a WebAPI user, I should be able to create a product making a POST or PUT request to /products" name="[4.1:50] Making a POST or PUT request to /products with an invalid id should return a 400 response" time="0.386"/>
  <testcase classname="[createproduct] As a WebAPI user, I should be able to create a product making a POST or PUT request to /products" name="[4.2:51] Making a POST or PUT request to /products with an invalid id should return a 400 response" time="0.415"/>
  <testcase classname="[createproduct] As a WebAPI user, I should be able to create a product making a POST or PUT request to /products" name="[4.3:52] Making a POST or PUT request to /products with an invalid id should return a 400 response" time="0.397"/>
  <testcase classname="[createproduct] As a WebAPI user, I should be able to create a product making a POST or PUT request to /products" name="[4.4:53] Making a POST or PUT request to /products with an invalid id should return a 400 response" time="0.372"/>
  <testcase classname="[createproduct] As a WebAPI user, I should be able to create a product making a POST or PUT request to /products" name="[4.5:54] Making a POST or PUT request to /products with an invalid id should return a 400 response" time="0.376"/>
  <testcase classname="[createproduct] As a WebAPI user, I should be able to create a product making a POST or PUT request to /products" name="[4.6:55] Making a POST or PUT request to /products with an invalid id should return a 400 response" time="0.378"/>
  <testcase classname="[createproduct] As a WebAPI user, I should be able to create a product making a POST or PUT request to /products" name="[4.7:56] Making a POST or PUT request to /products with an invalid id should return a 400 response" time="0.384"/>
  <testcase classname="[createproduct] As a WebAPI user, I should be able to create a product making a POST or PUT request to /products" name="[4.8:57] Making a POST or PUT request to /products with an invalid id should return a 400 response" time="0.376"/>
  <testcase classname="[createproduct] As a WebAPI user, I should be able to create a product making a POST or PUT request to /products" name="[4.9:58] Making a POST or PUT request to /products with an invalid id should return a 400 response" time="0.378"/>
</testsuite>